2022-10-22 19:26:07 Error: [Error] Class 'App\Model\Entity\DefaultPasswordHasher' not found (C:\wamp64\www\cakephp\src\Model\Entity\Cliente.php:44)
#0 C:\wamp64\www\cakephp\vendor\cakephp\cakephp\src\Datasource\EntityTrait.php(264): App\Model\Entity\Cliente->_setPassword('123456')
#1 C:\wamp64\www\cakephp\vendor\cakephp\cakephp\src\ORM\Marshaller.php(617): Cake\ORM\Entity->set(Array)
#2 C:\wamp64\www\cakephp\vendor\cakephp\cakephp\src\ORM\Table.php(2883): Cake\ORM\Marshaller->merge(Object(App\Model\Entity\Cliente), Array, Array)
#3 C:\wamp64\www\cakephp\src\Controller\ClientesController.php(52): Cake\ORM\Table->patchEntity(Object(App\Model\Entity\Cliente), Array)
#4 C:\wamp64\www\cakephp\vendor\cakephp\cakephp\src\Controller\Controller.php(606): App\Controller\ClientesController->add()
#5 C:\wamp64\www\cakephp\vendor\cakephp\cakephp\src\Http\ActionDispatcher.php(120): Cake\Controller\Controller->invokeAction()
#6 C:\wamp64\www\cakephp\vendor\cakephp\cakephp\src\Http\ActionDispatcher.php(94): Cake\Http\ActionDispatcher->_invoke(Object(App\Controller\ClientesController))
#7 C:\wamp64\www\cakephp\vendor\cakephp\cakephp\src\Http\BaseApplication.php(256): Cake\Http\ActionDispatcher->dispatch(Object(Cake\Http\ServerRequest), Object(Cake\Http\Response))
#8 C:\wamp64\www\cakephp\vendor\cakephp\cakephp\src\Http\Runner.php(65): Cake\Http\BaseApplication->__invoke(Object(Cake\Http\ServerRequest), Object(Cake\Http\Response), Object(Cake\Http\Runner))
#9 C:\wamp64\www\cakephp\vendor\cakephp\cakephp\src\Http\Runner.php(65): Cake\Http\Runner->__invoke(Object(Cake\Http\ServerRequest), Object(Cake\Http\Response), Object(Cake\Http\Runner))
#10 C:\wamp64\www\cakephp\vendor\cakephp\cakephp\src\Http\Middleware\CsrfProtectionMiddleware.php(137): Cake\Http\Runner->__invoke(Object(Cake\Http\ServerRequest), Object(Cake\Http\Response))
#11 C:\wamp64\www\cakephp\vendor\cakephp\cakephp\src\Http\Runner.php(65): Cake\Http\Middleware\CsrfProtectionMiddleware->__invoke(Object(Cake\Http\ServerRequest), Object(Cake\Http\Response), Object(Cake\Http\Runner))
#12 C:\wamp64\www\cakephp\vendor\cakephp\cakephp\src\Http\Runner.php(51): Cake\Http\Runner->__invoke(Object(Cake\Http\ServerRequest), Object(Cake\Http\Response))
#13 C:\wamp64\www\cakephp\vendor\cakephp\cakephp\src\Routing\Middleware\RoutingMiddleware.php(170): Cake\Http\Runner->run(Object(Cake\Http\MiddlewareQueue), Object(Cake\Http\ServerRequest), Object(Cake\Http\Response))
#14 C:\wamp64\www\cakephp\vendor\cakephp\cakephp\src\Http\Runner.php(65): Cake\Routing\Middleware\RoutingMiddleware->__invoke(Object(Cake\Http\ServerRequest), Object(Cake\Http\Response), Object(Cake\Http\Runner))
#15 C:\wamp64\www\cakephp\vendor\cakephp\cakephp\src\Routing\Middleware\AssetMiddleware.php(88): Cake\Http\Runner->__invoke(Object(Cake\Http\ServerRequest), Object(Cake\Http\Response))
#16 C:\wamp64\www\cakephp\vendor\cakephp\cakephp\src\Http\Runner.php(65): Cake\Routing\Middleware\AssetMiddleware->__invoke(Object(Cake\Http\ServerRequest), Object(Cake\Http\Response), Object(Cake\Http\Runner))
#17 C:\wamp64\www\cakephp\vendor\cakephp\cakephp\src\Error\Middleware\ErrorHandlerMiddleware.php(100): Cake\Http\Runner->__invoke(Object(Cake\Http\ServerRequest), Object(Cake\Http\Response))
#18 C:\wamp64\www\cakephp\vendor\cakephp\cakephp\src\Http\Runner.php(65): Cake\Error\Middleware\ErrorHandlerMiddleware->__invoke(Object(Cake\Http\ServerRequest), Object(Cake\Http\Response), Object(Cake\Http\Runner))
#19 C:\wamp64\www\cakephp\vendor\cakephp\debug_kit\src\Middleware\DebugKitMiddleware.php(53): Cake\Http\Runner->__invoke(Object(Cake\Http\ServerRequest), Object(Cake\Http\Response))
#20 C:\wamp64\www\cakephp\vendor\cakephp\cakephp\src\Http\Runner.php(65): DebugKit\Middleware\DebugKitMiddleware->__invoke(Object(Cake\Http\ServerRequest), Object(Cake\Http\Response), Object(Cake\Http\Runner))
#21 C:\wamp64\www\cakephp\vendor\cakephp\cakephp\src\Http\Runner.php(51): Cake\Http\Runner->__invoke(Object(Cake\Http\ServerRequest), Object(Cake\Http\Response))
#22 C:\wamp64\www\cakephp\vendor\cakephp\cakephp\src\Http\Server.php(97): Cake\Http\Runner->run(Object(Cake\Http\MiddlewareQueue), Object(Cake\Http\ServerRequest), Object(Cake\Http\Response))
#23 C:\wamp64\www\cakephp\webroot\index.php(40): Cake\Http\Server->run()
#24 {main}
Request URL: /clientes/add
Referer URL: http://localhost/cakephp/clientes/add


2022-10-22 19:28:39 Error: [ParseError] syntax error, unexpected 'protected' (T_PROTECTED), expecting end of file (C:\wamp64\www\cakephp\src\Model\Entity\Cliente.php:47)
#0 C:\wamp64\www\cakephp\vendor\composer\ClassLoader.php(428): Composer\Autoload\includeFile('C:\\wamp64\\www\\c...')
#1 [internal function]: Composer\Autoload\ClassLoader->loadClass('App\\Model\\Entit...')
#2 [internal function]: spl_autoload_call('App\\Model\\Entit...')
#3 C:\wamp64\www\cakephp\vendor\cakephp\cakephp\src\ORM\Table.php(796): class_exists('App\\Model\\Entit...')
#4 C:\wamp64\www\cakephp\vendor\cakephp\cakephp\src\ORM\Table.php(3119): Cake\ORM\Table->getEntityClass()
#5 C:\wamp64\www\cakephp\vendor\cakephp\cakephp\src\Error\Debugger.php(608): Cake\ORM\Table->__debugInfo()
#6 C:\wamp64\www\cakephp\vendor\cakephp\cakephp\src\Error\Debugger.php(532): Cake\Error\Debugger::_object(Object(App\Model\Table\ClientesTable), 1, 2)
#7 C:\wamp64\www\cakephp\vendor\cakephp\cakephp\src\Error\Debugger.php(621): Cake\Error\Debugger::_export(Object(App\Model\Table\ClientesTable), 2, 1)
#8 C:\wamp64\www\cakephp\vendor\cakephp\cakephp\src\Error\Debugger.php(532): Cake\Error\Debugger::_object(Object(App\Controller\ClientesController), 3, 1)
#9 C:\wamp64\www\cakephp\vendor\cakephp\cakephp\src\Error\Debugger.php(497): Cake\Error\Debugger::_export(Object(App\Controller\ClientesController), 4, 0)
#10 C:\wamp64\www\cakephp\vendor\cakephp\cakephp\src\Template\Element\exception_stack_trace.ctp(37): Cake\Error\Debugger::exportVar(Object(App\Controller\ClientesController), 4)
#11 C:\wamp64\www\cakephp\vendor\cakephp\cakephp\src\View\View.php(1435): include('C:\\wamp64\\www\\c...')
#12 C:\wamp64\www\cakephp\vendor\cakephp\cakephp\src\View\View.php(1393): Cake\View\View->_evaluate('C:\\wamp64\\www\\c...', Array)
#13 C:\wamp64\www\cakephp\vendor\cakephp\cakephp\src\View\View.php(1879): Cake\View\View->_render('C:\\wamp64\\www\\c...', Array)
#14 C:\wamp64\www\cakephp\vendor\cakephp\cakephp\src\View\View.php(783): Cake\View\View->_renderElement('C:\\wamp64\\www\\c...', Array, Array)
#15 C:\wamp64\www\cakephp\vendor\cakephp\cakephp\src\Template\Layout\dev_error.ctp(220): Cake\View\View->element('exception_stack...')
#16 C:\wamp64\www\cakephp\vendor\cakephp\cakephp\src\View\View.php(1435): include('C:\\wamp64\\www\\c...')
#17 C:\wamp64\www\cakephp\vendor\cakephp\cakephp\src\View\View.php(1393): Cake\View\View->_evaluate('C:\\wamp64\\www\\c...', Array)
#18 C:\wamp64\www\cakephp\vendor\cakephp\cakephp\src\View\View.php(939): Cake\View\View->_render('C:\\wamp64\\www\\c...')
#19 C:\wamp64\www\cakephp\vendor\cakephp\cakephp\src\View\View.php(897): Cake\View\View->renderLayout('', 'dev_error')
#20 C:\wamp64\www\cakephp\vendor\cakephp\cakephp\src\Controller\Controller.php(791): Cake\View\View->render('error500', NULL)
#21 C:\wamp64\www\cakephp\vendor\cakephp\cakephp\src\Error\ExceptionRenderer.php(369): Cake\Controller\Controller->render('error500')
#22 C:\wamp64\www\cakephp\vendor\cakephp\cakephp\src\Error\ExceptionRenderer.php(378): Cake\Error\ExceptionRenderer->_outputMessage('error500')
#23 C:\wamp64\www\cakephp\vendor\cakephp\cakephp\src\Error\ExceptionRenderer.php(243): Cake\Error\ExceptionRenderer->_outputMessage('parseError')
#24 C:\wamp64\www\cakephp\vendor\cakephp\cakephp\src\Error\Middleware\ErrorHandlerMiddleware.php(120): Cake\Error\ExceptionRenderer->render()
#25 C:\wamp64\www\cakephp\vendor\cakephp\cakephp\src\Error\Middleware\ErrorHandlerMiddleware.php(102): Cake\Error\Middleware\ErrorHandlerMiddleware->handleException(Object(ParseError), Object(Cake\Http\ServerRequest), Object(Cake\Http\Response))
#26 C:\wamp64\www\cakephp\vendor\cakephp\cakephp\src\Http\Runner.php(65): Cake\Error\Middleware\ErrorHandlerMiddleware->__invoke(Object(Cake\Http\ServerRequest), Object(Cake\Http\Response), Object(Cake\Http\Runner))
#27 C:\wamp64\www\cakephp\vendor\cakephp\debug_kit\src\Middleware\DebugKitMiddleware.php(53): Cake\Http\Runner->__invoke(Object(Cake\Http\ServerRequest), Object(Cake\Http\Response))
#28 C:\wamp64\www\cakephp\vendor\cakephp\cakephp\src\Http\Runner.php(65): DebugKit\Middleware\DebugKitMiddleware->__invoke(Object(Cake\Http\ServerRequest), Object(Cake\Http\Response), Object(Cake\Http\Runner))
#29 C:\wamp64\www\cakephp\vendor\cakephp\cakephp\src\Http\Runner.php(51): Cake\Http\Runner->__invoke(Object(Cake\Http\ServerRequest), Object(Cake\Http\Response))
#30 C:\wamp64\www\cakephp\vendor\cakephp\cakephp\src\Http\Server.php(97): Cake\Http\Runner->run(Object(Cake\Http\MiddlewareQueue), Object(Cake\Http\ServerRequest), Object(Cake\Http\Response))
#31 C:\wamp64\www\cakephp\webroot\index.php(40): Cake\Http\Server->run()
#32 {main}
Request URL: /clientes/add
Referer URL: http://localhost/cakephp/clientes


2022-10-22 19:29:21 Error: [Error] Class 'App\Model\Entity\DefaultPasswordHasher' not found (C:\wamp64\www\cakephp\src\Model\Entity\Cliente.php:49)
#0 C:\wamp64\www\cakephp\vendor\cakephp\cakephp\src\Datasource\EntityTrait.php(264): App\Model\Entity\Cliente->_setPassword('123456')
#1 C:\wamp64\www\cakephp\vendor\cakephp\cakephp\src\ORM\Marshaller.php(617): Cake\ORM\Entity->set(Array)
#2 C:\wamp64\www\cakephp\vendor\cakephp\cakephp\src\ORM\Table.php(2883): Cake\ORM\Marshaller->merge(Object(App\Model\Entity\Cliente), Array, Array)
#3 C:\wamp64\www\cakephp\src\Controller\ClientesController.php(52): Cake\ORM\Table->patchEntity(Object(App\Model\Entity\Cliente), Array)
#4 C:\wamp64\www\cakephp\vendor\cakephp\cakephp\src\Controller\Controller.php(606): App\Controller\ClientesController->add()
#5 C:\wamp64\www\cakephp\vendor\cakephp\cakephp\src\Http\ActionDispatcher.php(120): Cake\Controller\Controller->invokeAction()
#6 C:\wamp64\www\cakephp\vendor\cakephp\cakephp\src\Http\ActionDispatcher.php(94): Cake\Http\ActionDispatcher->_invoke(Object(App\Controller\ClientesController))
#7 C:\wamp64\www\cakephp\vendor\cakephp\cakephp\src\Http\BaseApplication.php(256): Cake\Http\ActionDispatcher->dispatch(Object(Cake\Http\ServerRequest), Object(Cake\Http\Response))
#8 C:\wamp64\www\cakephp\vendor\cakephp\cakephp\src\Http\Runner.php(65): Cake\Http\BaseApplication->__invoke(Object(Cake\Http\ServerRequest), Object(Cake\Http\Response), Object(Cake\Http\Runner))
#9 C:\wamp64\www\cakephp\vendor\cakephp\cakephp\src\Http\Runner.php(65): Cake\Http\Runner->__invoke(Object(Cake\Http\ServerRequest), Object(Cake\Http\Response), Object(Cake\Http\Runner))
#10 C:\wamp64\www\cakephp\vendor\cakephp\cakephp\src\Http\Middleware\CsrfProtectionMiddleware.php(137): Cake\Http\Runner->__invoke(Object(Cake\Http\ServerRequest), Object(Cake\Http\Response))
#11 C:\wamp64\www\cakephp\vendor\cakephp\cakephp\src\Http\Runner.php(65): Cake\Http\Middleware\CsrfProtectionMiddleware->__invoke(Object(Cake\Http\ServerRequest), Object(Cake\Http\Response), Object(Cake\Http\Runner))
#12 C:\wamp64\www\cakephp\vendor\cakephp\cakephp\src\Http\Runner.php(51): Cake\Http\Runner->__invoke(Object(Cake\Http\ServerRequest), Object(Cake\Http\Response))
#13 C:\wamp64\www\cakephp\vendor\cakephp\cakephp\src\Routing\Middleware\RoutingMiddleware.php(170): Cake\Http\Runner->run(Object(Cake\Http\MiddlewareQueue), Object(Cake\Http\ServerRequest), Object(Cake\Http\Response))
#14 C:\wamp64\www\cakephp\vendor\cakephp\cakephp\src\Http\Runner.php(65): Cake\Routing\Middleware\RoutingMiddleware->__invoke(Object(Cake\Http\ServerRequest), Object(Cake\Http\Response), Object(Cake\Http\Runner))
#15 C:\wamp64\www\cakephp\vendor\cakephp\cakephp\src\Routing\Middleware\AssetMiddleware.php(88): Cake\Http\Runner->__invoke(Object(Cake\Http\ServerRequest), Object(Cake\Http\Response))
#16 C:\wamp64\www\cakephp\vendor\cakephp\cakephp\src\Http\Runner.php(65): Cake\Routing\Middleware\AssetMiddleware->__invoke(Object(Cake\Http\ServerRequest), Object(Cake\Http\Response), Object(Cake\Http\Runner))
#17 C:\wamp64\www\cakephp\vendor\cakephp\cakephp\src\Error\Middleware\ErrorHandlerMiddleware.php(100): Cake\Http\Runner->__invoke(Object(Cake\Http\ServerRequest), Object(Cake\Http\Response))
#18 C:\wamp64\www\cakephp\vendor\cakephp\cakephp\src\Http\Runner.php(65): Cake\Error\Middleware\ErrorHandlerMiddleware->__invoke(Object(Cake\Http\ServerRequest), Object(Cake\Http\Response), Object(Cake\Http\Runner))
#19 C:\wamp64\www\cakephp\vendor\cakephp\debug_kit\src\Middleware\DebugKitMiddleware.php(53): Cake\Http\Runner->__invoke(Object(Cake\Http\ServerRequest), Object(Cake\Http\Response))
#20 C:\wamp64\www\cakephp\vendor\cakephp\cakephp\src\Http\Runner.php(65): DebugKit\Middleware\DebugKitMiddleware->__invoke(Object(Cake\Http\ServerRequest), Object(Cake\Http\Response), Object(Cake\Http\Runner))
#21 C:\wamp64\www\cakephp\vendor\cakephp\cakephp\src\Http\Runner.php(51): Cake\Http\Runner->__invoke(Object(Cake\Http\ServerRequest), Object(Cake\Http\Response))
#22 C:\wamp64\www\cakephp\vendor\cakephp\cakephp\src\Http\Server.php(97): Cake\Http\Runner->run(Object(Cake\Http\MiddlewareQueue), Object(Cake\Http\ServerRequest), Object(Cake\Http\Response))
#23 C:\wamp64\www\cakephp\webroot\index.php(40): Cake\Http\Server->run()
#24 {main}
Request URL: /clientes/add
Referer URL: http://localhost/cakephp/clientes/add


